<?xml version="1.0" encoding="UTF-8"?>
<!-- Generated by org.testng.reporters.JUnitXMLReporter -->
<testsuite ignored="0" hostname="DESKTOP-FMTRJKM" failures="0" tests="5" name="Default test" time="86.091" errors="0" timestamp="31 May 2024 10:00:04 GMT">
  <testcase classname="com.fensbury.SCM.systemTest.FullRegressionTest" name="AddcategoryTest" time="14.664"/>
  <testcase classname="com.fensbury.SCM.systemTest.FullRegressionTest" name="AddmanufacturerTest" time="13.858"/>
  <testcase classname="com.fensbury.SCM.systemTest.FullRegressionTest" name="addAndDeleteUnitTest" time="4.431"/>
  <testcase classname="com.fensbury.SCM.systemTest.FullRegressionTest" name="addRetailertest" time="9.55"/>
  <testcase classname="com.fensbury.SCM.systemTest.FullRegressionTest" name="addproducttTest" time="33.606"/>
</testsuite> <!-- Default test -->
