<?xml version="1.0" encoding="UTF-8"?>
<testng-results ignored="0" total="1" passed="1" failed="0" skipped="0">
  <reporter-output>
  </reporter-output>
  <suite started-at="2024-05-29T07:51:47Z" name="Default suite" finished-at="2024-05-29T07:52:17Z" duration-ms="30154">
    <groups>
      <group name="smokeTest">
        <method signature="SampleTest.createConTactTest()[pri:0, instance:com.comcast.crm.contacttest.SampleTest@14dd7b39]" name="createConTactTest" class="com.comcast.crm.contacttest.SampleTest"/>
      </group> <!-- smokeTest -->
    </groups>
    <test started-at="2024-05-29T07:51:47Z" name="Default test" finished-at="2024-05-29T07:52:17Z" duration-ms="30154">
      <class name="com.comcast.crm.contacttest.SampleTest">
        <test-method is-config="true" signature="configBS()[pri:0, instance:com.comcast.crm.contacttest.SampleTest@14dd7b39]" started-at="2024-05-29T07:51:47Z" name="configBS" finished-at="2024-05-29T07:51:47Z" duration-ms="71" status="PASS">
          <reporter-output>
          </reporter-output>
        </test-method> <!-- configBS -->
        <test-method is-config="true" signature="configBC()[pri:0, instance:com.comcast.crm.contacttest.SampleTest@14dd7b39]" started-at="2024-05-29T07:51:47Z" name="configBC" finished-at="2024-05-29T07:51:59Z" duration-ms="12081" status="PASS">
          <reporter-output>
          </reporter-output>
        </test-method> <!-- configBC -->
        <test-method is-config="true" signature="configBM()[pri:0, instance:com.comcast.crm.contacttest.SampleTest@14dd7b39]" started-at="2024-05-29T07:51:59Z" name="configBM" finished-at="2024-05-29T07:52:11Z" duration-ms="12182" status="PASS">
          <reporter-output>
          </reporter-output>
        </test-method> <!-- configBM -->
        <test-method signature="createConTactTest()[pri:0, instance:com.comcast.crm.contacttest.SampleTest@14dd7b39]" started-at="2024-05-29T07:52:11Z" name="createConTactTest" finished-at="2024-05-29T07:52:12Z" duration-ms="18" status="PASS">
          <reporter-output>
          </reporter-output>
        </test-method> <!-- createConTactTest -->
        <test-method is-config="true" signature="configAM()[pri:0, instance:com.comcast.crm.contacttest.SampleTest@14dd7b39]" started-at="2024-05-29T07:52:12Z" name="configAM" finished-at="2024-05-29T07:52:12Z" duration-ms="894" status="PASS">
          <reporter-output>
          </reporter-output>
        </test-method> <!-- configAM -->
        <test-method is-config="true" signature="configAC()[pri:0, instance:com.comcast.crm.contacttest.SampleTest@14dd7b39]" started-at="2024-05-29T07:52:12Z" name="configAC" finished-at="2024-05-29T07:52:17Z" duration-ms="4917" status="PASS">
          <reporter-output>
          </reporter-output>
        </test-method> <!-- configAC -->
        <test-method is-config="true" signature="configAS()[pri:0, instance:com.comcast.crm.contacttest.SampleTest@14dd7b39]" started-at="2024-05-29T07:52:17Z" name="configAS" finished-at="2024-05-29T07:52:17Z" duration-ms="1" status="PASS">
          <reporter-output>
          </reporter-output>
        </test-method> <!-- configAS -->
      </class> <!-- com.comcast.crm.contacttest.SampleTest -->
    </test> <!-- Default test -->
  </suite> <!-- Default suite -->
</testng-results>
