<?xml version="1.0" encoding="UTF-8"?>
<testng-results ignored="0" total="1" passed="1" failed="0" skipped="0">
  <reporter-output>
  </reporter-output>
  <suite started-at="2024-05-29T09:15:00Z" name="Default suite" finished-at="2024-05-29T09:15:18Z" duration-ms="17678">
    <groups>
      <group name="smokeTest">
        <method signature="SampleTest.createConTactTest()[pri:0, instance:com.comcast.crm.contacttest.SampleTest@61544ae6]" name="createConTactTest" class="com.comcast.crm.contacttest.SampleTest"/>
      </group> <!-- smokeTest -->
    </groups>
    <test started-at="2024-05-29T09:15:00Z" name="Default test" finished-at="2024-05-29T09:15:18Z" duration-ms="17678">
      <class name="com.comcast.crm.contacttest.SampleTest">
        <test-method is-config="true" signature="configBS()[pri:0, instance:com.comcast.crm.contacttest.SampleTest@61544ae6]" started-at="2024-05-29T09:15:00Z" name="configBS" finished-at="2024-05-29T09:15:00Z" duration-ms="87" status="PASS">
          <reporter-output>
          </reporter-output>
        </test-method> <!-- configBS -->
        <test-method is-config="true" signature="configBC()[pri:0, instance:com.comcast.crm.contacttest.SampleTest@61544ae6]" started-at="2024-05-29T09:15:00Z" name="configBC" finished-at="2024-05-29T09:15:12Z" duration-ms="11477" status="PASS">
          <reporter-output>
          </reporter-output>
        </test-method> <!-- configBC -->
        <test-method is-config="true" signature="configBM()[pri:0, instance:com.comcast.crm.contacttest.SampleTest@61544ae6]" started-at="2024-05-29T09:15:12Z" name="configBM" finished-at="2024-05-29T09:15:15Z" duration-ms="2831" status="PASS">
          <reporter-output>
          </reporter-output>
        </test-method> <!-- configBM -->
        <test-method signature="createConTactTest()[pri:0, instance:com.comcast.crm.contacttest.SampleTest@61544ae6]" started-at="2024-05-29T09:15:15Z" name="createConTactTest" finished-at="2024-05-29T09:15:15Z" duration-ms="21" status="PASS">
          <reporter-output>
          </reporter-output>
        </test-method> <!-- createConTactTest -->
        <test-method is-config="true" signature="configAM()[pri:0, instance:com.comcast.crm.contacttest.SampleTest@61544ae6]" started-at="2024-05-29T09:15:15Z" name="configAM" finished-at="2024-05-29T09:15:15Z" duration-ms="337" status="PASS">
          <reporter-output>
          </reporter-output>
        </test-method> <!-- configAM -->
        <test-method is-config="true" signature="configAC()[pri:0, instance:com.comcast.crm.contacttest.SampleTest@61544ae6]" started-at="2024-05-29T09:15:15Z" name="configAC" finished-at="2024-05-29T09:15:18Z" duration-ms="2959" status="PASS">
          <reporter-output>
          </reporter-output>
        </test-method> <!-- configAC -->
        <test-method is-config="true" signature="configAS()[pri:0, instance:com.comcast.crm.contacttest.SampleTest@61544ae6]" started-at="2024-05-29T09:15:18Z" name="configAS" finished-at="2024-05-29T09:15:18Z" duration-ms="1" status="PASS">
          <reporter-output>
          </reporter-output>
        </test-method> <!-- configAS -->
      </class> <!-- com.comcast.crm.contacttest.SampleTest -->
    </test> <!-- Default test -->
  </suite> <!-- Default suite -->
</testng-results>
